Build started 06-Jun-14 15:54:55.
     1>Project "C:\Users\Guilherme\Documents\UnB\9_Semestre\IDJ\Universales\Universales\Universales.vcxproj" on node 2 (Build target(s)).
     1>ClCompile:
         C:\Program Files (x86)\Microsoft Visual Studio 11.0\VC\bin\CL.exe /c /I"C:\SDL2-2.0.3\include" /ZI /nologo /W3 /WX- /Od /Oy- /D _MBCS /Gm /EHsc /RTC1 /MD /GS /fp:precise /Zc:wchar_t /Zc:forScope /Fo"Debug\\" /Fd"Debug\vc110.pdb" /Gd /TP /analyze- /errorReport:prompt Alien.cpp BlockTileSet.cpp Bullet.cpp Camera.cpp Character.cpp Comparator.cpp EndState.cpp Game.cpp GameObject.cpp GUI.cpp InputManager.cpp main.cpp Minio.cpp Minion.cpp MultiTileSet.cpp Music.cpp Penguins.cpp Permonkey.cpp Point.cpp Rect.cpp Room.cpp SelectionBox.cpp Sound.cpp Sprite.cpp StageState.cpp State.cpp StateData.cpp StillAnimation.cpp Text.cpp TileMap.cpp TileSet.cpp TileState.cpp Timer.cpp TitleState.cpp Wall.cpp
         Wall.cpp
     1>c:\users\guilherme\documents\unb\9_semestre\idj\universales\universales\wall.cpp(11): warning C4244: 'argument' : conversion from 'int' to 'float', possible loss of data
     1>c:\users\guilherme\documents\unb\9_semestre\idj\universales\universales\wall.cpp(14): warning C4244: 'argument' : conversion from 'int' to 'float', possible loss of data
     1>c:\users\guilherme\documents\unb\9_semestre\idj\universales\universales\wall.cpp(17): warning C4244: 'argument' : conversion from 'int' to 'float', possible loss of data
     1>c:\users\guilherme\documents\unb\9_semestre\idj\universales\universales\wall.cpp(20): warning C4244: 'argument' : conversion from 'int' to 'float', possible loss of data
     1>c:\users\guilherme\documents\unb\9_semestre\idj\universales\universales\wall.cpp(37): warning C4244: 'argument' : conversion from 'float' to 'int', possible loss of data
         TitleState.cpp
         Timer.cpp
         TileState.cpp
         TileSet.cpp
         TileMap.cpp
     1>c:\users\guilherme\documents\unb\9_semestre\idj\universales\universales\tilemap.cpp(17): warning C4996: 'fopen': This function or variable may be unsafe. Consider using fopen_s instead. To disable deprecation, use _CRT_SECURE_NO_WARNINGS. See online help for details.
                 c:\program files (x86)\microsoft visual studio 11.0\vc\include\stdio.h(218) : see declaration of 'fopen'
     1>c:\users\guilherme\documents\unb\9_semestre\idj\universales\universales\tilemap.cpp(22): warning C4996: 'fscanf': This function or variable may be unsafe. Consider using fscanf_s instead. To disable deprecation, use _CRT_SECURE_NO_WARNINGS. See online help for details.
                 c:\program files (x86)\microsoft visual studio 11.0\vc\include\stdio.h(237) : see declaration of 'fscanf'
     1>c:\users\guilherme\documents\unb\9_semestre\idj\universales\universales\tilemap.cpp(24): warning C4996: 'fscanf': This function or variable may be unsafe. Consider using fscanf_s instead. To disable deprecation, use _CRT_SECURE_NO_WARNINGS. See online help for details.
                 c:\program files (x86)\microsoft visual studio 11.0\vc\include\stdio.h(237) : see declaration of 'fscanf'
     1>c:\users\guilherme\documents\unb\9_semestre\idj\universales\universales\tilemap.cpp(26): warning C4996: 'fscanf': This function or variable may be unsafe. Consider using fscanf_s instead. To disable deprecation, use _CRT_SECURE_NO_WARNINGS. See online help for details.
                 c:\program files (x86)\microsoft visual studio 11.0\vc\include\stdio.h(237) : see declaration of 'fscanf'
     1>c:\users\guilherme\documents\unb\9_semestre\idj\universales\universales\tilemap.cpp(32): warning C4996: 'fscanf': This function or variable may be unsafe. Consider using fscanf_s instead. To disable deprecation, use _CRT_SECURE_NO_WARNINGS. See online help for details.
                 c:\program files (x86)\microsoft visual studio 11.0\vc\include\stdio.h(237) : see declaration of 'fscanf'
     1>c:\users\guilherme\documents\unb\9_semestre\idj\universales\universales\tilemap.cpp(50): warning C4244: 'initializing' : conversion from 'double' to 'float', possible loss of data
     1>c:\users\guilherme\documents\unb\9_semestre\idj\universales\universales\tilemap.cpp(51): warning C4244: 'argument' : conversion from 'int' to 'float', possible loss of data
     1>c:\users\guilherme\documents\unb\9_semestre\idj\universales\universales\tilemap.cpp(53): warning C4244: 'initializing' : conversion from 'double' to 'float', possible loss of data
     1>c:\users\guilherme\documents\unb\9_semestre\idj\universales\universales\tilemap.cpp(54): warning C4244: 'initializing' : conversion from 'double' to 'float', possible loss of data
     1>c:\users\guilherme\documents\unb\9_semestre\idj\universales\universales\tilemap.cpp(66): warning C4244: 'argument' : conversion from 'int' to 'float', possible loss of data
     1>c:\users\guilherme\documents\unb\9_semestre\idj\universales\universales\tilemap.cpp(73): warning C4244: '=' : conversion from 'int' to 'float', possible loss of data
     1>c:\users\guilherme\documents\unb\9_semestre\idj\universales\universales\tilemap.cpp(82): warning C4244: 'argument' : conversion from 'float' to 'int', possible loss of data
         Text.cpp
     1>c:\users\guilherme\documents\unb\9_semestre\idj\universales\universales\text.cpp(10): warning C4244: 'argument' : conversion from 'int' to 'float', possible loss of data
     1>c:\users\guilherme\documents\unb\9_semestre\idj\universales\universales\text.cpp(38): warning C4244: '=' : conversion from 'float' to 'int', possible loss of data
     1>c:\users\guilherme\documents\unb\9_semestre\idj\universales\universales\text.cpp(39): warning C4244: '=' : conversion from 'float' to 'int', possible loss of data
     1>c:\users\guilherme\documents\unb\9_semestre\idj\universales\universales\text.cpp(40): warning C4244: '=' : conversion from 'float' to 'int', possible loss of data
     1>c:\users\guilherme\documents\unb\9_semestre\idj\universales\universales\text.cpp(41): warning C4244: '=' : conversion from 'float' to 'int', possible loss of data
     1>c:\users\guilherme\documents\unb\9_semestre\idj\universales\universales\text.cpp(44): warning C4244: '=' : conversion from 'float' to 'int', possible loss of data
     1>c:\users\guilherme\documents\unb\9_semestre\idj\universales\universales\text.cpp(45): warning C4244: '=' : conversion from 'float' to 'int', possible loss of data
     1>c:\users\guilherme\documents\unb\9_semestre\idj\universales\universales\text.cpp(51): warning C4244: '=' : conversion from 'float' to 'int', possible loss of data
     1>c:\users\guilherme\documents\unb\9_semestre\idj\universales\universales\text.cpp(53): warning C4244: '=' : conversion from 'float' to 'int', possible loss of data
     1>c:\users\guilherme\documents\unb\9_semestre\idj\universales\universales\text.cpp(54): warning C4244: 'argument' : conversion from 'int' to 'float', possible loss of data
     1>c:\users\guilherme\documents\unb\9_semestre\idj\universales\universales\text.cpp(122): warning C4244: 'argument' : conversion from 'int' to 'float', possible loss of data
         StillAnimation.cpp
         StateData.cpp
         State.cpp
     1>c:\users\guilherme\documents\unb\9_semestre\idj\universales\universales\state.cpp(30): warning C4018: '<' : signed/unsigned mismatch
     1>c:\users\guilherme\documents\unb\9_semestre\idj\universales\universales\state.cpp(36): warning C4244: 'argument' : conversion from 'float' to 'int', possible loss of data
     1>c:\users\guilherme\documents\unb\9_semestre\idj\universales\universales\state.cpp(39): warning C4244: 'argument' : conversion from 'int' to 'float', possible loss of data
     1>c:\users\guilherme\documents\unb\9_semestre\idj\universales\universales\state.cpp(66): warning C4244: 'argument' : conversion from 'float' to 'unsigned int', possible loss of data
         StageState.cpp
     1>c:\users\guilherme\documents\unb\9_semestre\idj\universales\universales\stagestate.cpp(36): warning C4996: 'fopen': This function or variable may be unsafe. Consider using fopen_s instead. To disable deprecation, use _CRT_SECURE_NO_WARNINGS. See online help for details.
                 c:\program files (x86)\microsoft visual studio 11.0\vc\include\stdio.h(218) : see declaration of 'fopen'
     1>c:\users\guilherme\documents\unb\9_semestre\idj\universales\universales\stagestate.cpp(41): warning C4996: 'fscanf': This function or variable may be unsafe. Consider using fscanf_s instead. To disable deprecation, use _CRT_SECURE_NO_WARNINGS. See online help for details.
                 c:\program files (x86)\microsoft visual studio 11.0\vc\include\stdio.h(237) : see declaration of 'fscanf'
     1>c:\users\guilherme\documents\unb\9_semestre\idj\universales\universales\stagestate.cpp(44): warning C4996: 'fscanf': This function or variable may be unsafe. Consider using fscanf_s instead. To disable deprecation, use _CRT_SECURE_NO_WARNINGS. See online help for details.
                 c:\program files (x86)\microsoft visual studio 11.0\vc\include\stdio.h(237) : see declaration of 'fscanf'
     1>c:\users\guilherme\documents\unb\9_semestre\idj\universales\universales\stagestate.cpp(68): warning C4244: 'argument' : conversion from 'float' to 'int', possible loss of data
     1>c:\users\guilherme\documents\unb\9_semestre\idj\universales\universales\stagestate.cpp(88): warning C4244: 'argument' : conversion from 'float' to 'int', possible loss of data
     1>c:\users\guilherme\documents\unb\9_semestre\idj\universales\universales\stagestate.cpp(90): warning C4018: '<' : signed/unsigned mismatch
     1>c:\users\guilherme\documents\unb\9_semestre\idj\universales\universales\stagestate.cpp(146): warning C4018: '<' : signed/unsigned mismatch
     1>c:\users\guilherme\documents\unb\9_semestre\idj\universales\universales\stagestate.cpp(169): warning C4244: 'argument' : conversion from 'int' to 'float', possible loss of data
     1>c:\users\guilherme\documents\unb\9_semestre\idj\universales\universales\stagestate.cpp(181): warning C4244: 'argument' : conversion from 'int' to 'float', possible loss of data
     1>c:\users\guilherme\documents\unb\9_semestre\idj\universales\universales\stagestate.cpp(233): warning C4018: '<' : signed/unsigned mismatch
         Sprite.cpp
     1>c:\users\guilherme\documents\unb\9_semestre\idj\universales\universales\sprite.cpp(16): warning C4244: 'initializing' : conversion from 'float' to 'int', possible loss of data
     1>c:\users\guilherme\documents\unb\9_semestre\idj\universales\universales\sprite.cpp(42): warning C4244: '=' : conversion from 'int' to 'float', possible loss of data
     1>c:\users\guilherme\documents\unb\9_semestre\idj\universales\universales\sprite.cpp(43): warning C4244: 'argument' : conversion from 'float' to 'int', possible loss of data
     1>c:\users\guilherme\documents\unb\9_semestre\idj\universales\universales\sprite.cpp(55): warning C4244: 'return' : conversion from 'const float' to 'int', possible loss of data
     1>c:\users\guilherme\documents\unb\9_semestre\idj\universales\universales\sprite.cpp(95): warning C4244: '=' : conversion from 'float' to 'int', possible loss of data
     1>c:\users\guilherme\documents\unb\9_semestre\idj\universales\universales\sprite.cpp(96): warning C4244: '=' : conversion from 'float' to 'int', possible loss of data
     1>c:\users\guilherme\documents\unb\9_semestre\idj\universales\universales\sprite.cpp(103): warning C4244: 'return' : conversion from 'const float' to 'int', possible loss of data
     1>c:\users\guilherme\documents\unb\9_semestre\idj\universales\universales\sprite.cpp(107): warning C4244: 'return' : conversion from 'const float' to 'int', possible loss of data
         Sound.cpp
         SelectionBox.cpp
     1>c:\users\guilherme\documents\unb\9_semestre\idj\universales\universales\selectionbox.cpp(16): warning C4244: 'argument' : conversion from 'int' to 'float', possible loss of data
     1>c:\users\guilherme\documents\unb\9_semestre\idj\universales\universales\selectionbox.cpp(17): warning C4244: 'argument' : conversion from 'float' to 'int', possible loss of data
     1>c:\users\guilherme\documents\unb\9_semestre\idj\universales\universales\selectionbox.cpp(24): warning C4244: 'initializing' : conversion from 'float' to 'int', possible loss of data
     1>c:\users\guilherme\documents\unb\9_semestre\idj\universales\universales\selectionbox.cpp(25): warning C4244: 'initializing' : conversion from 'float' to 'int', possible loss of data
     1>c:\users\guilherme\documents\unb\9_semestre\idj\universales\universales\selectionbox.cpp(27): warning C4244: 'argument' : conversion from 'int' to 'float', possible loss of data
     1>c:\users\guilherme\documents\unb\9_semestre\idj\universales\universales\selectionbox.cpp(29): warning C4244: 'argument' : conversion from 'float' to 'int', possible loss of data
     1>c:\users\guilherme\documents\unb\9_semestre\idj\universales\universales\selectionbox.cpp(34): warning C4244: 'initializing' : conversion from 'float' to 'int', possible loss of data
     1>c:\users\guilherme\documents\unb\9_semestre\idj\universales\universales\selectionbox.cpp(35): warning C4244: 'initializing' : conversion from 'float' to 'int', possible loss of data
     1>c:\users\guilherme\documents\unb\9_semestre\idj\universales\universales\selectionbox.cpp(37): warning C4244: 'argument' : conversion from 'int' to 'float', possible loss of data
     1>c:\users\guilherme\documents\unb\9_semestre\idj\universales\universales\selectionbox.cpp(39): warning C4244: 'argument' : conversion from 'float' to 'int', possible loss of data
     1>c:\users\guilherme\documents\unb\9_semestre\idj\universales\universales\selectionbox.cpp(47): warning C4244: 'initializing' : conversion from 'float' to 'int', possible loss of data
     1>c:\users\guilherme\documents\unb\9_semestre\idj\universales\universales\selectionbox.cpp(48): warning C4244: 'initializing' : conversion from 'float' to 'int', possible loss of data
     1>c:\users\guilherme\documents\unb\9_semestre\idj\universales\universales\selectionbox.cpp(50): warning C4244: 'argument' : conversion from 'int' to 'float', possible loss of data
     1>c:\users\guilherme\documents\unb\9_semestre\idj\universales\universales\selectionbox.cpp(52): warning C4244: 'argument' : conversion from 'float' to 'int', possible loss of data
     1>c:\users\guilherme\documents\unb\9_semestre\idj\universales\universales\selectionbox.cpp(57): warning C4244: 'initializing' : conversion from 'float' to 'int', possible loss of data
     1>c:\users\guilherme\documents\unb\9_semestre\idj\universales\universales\selectionbox.cpp(58): warning C4244: 'initializing' : conversion from 'float' to 'int', possible loss of data
     1>c:\users\guilherme\documents\unb\9_semestre\idj\universales\universales\selectionbox.cpp(60): warning C4244: 'argument' : conversion from 'int' to 'float', possible loss of data
     1>c:\users\guilherme\documents\unb\9_semestre\idj\universales\universales\selectionbox.cpp(62): warning C4244: 'argument' : conversion from 'float' to 'int', possible loss of data
         Room.cpp
     1>c:\users\guilherme\documents\unb\9_semestre\idj\universales\universales\room.cpp(39): warning C4244: 'initializing' : conversion from 'float' to 'int', possible loss of data
     1>c:\users\guilherme\documents\unb\9_semestre\idj\universales\universales\room.cpp(40): warning C4244: 'argument' : conversion from 'int' to 'float', possible loss of data
     1>c:\users\guilherme\documents\unb\9_semestre\idj\universales\universales\room.cpp(48): warning C4244: 'argument' : conversion from 'int' to 'float', possible loss of data
     1>c:\users\guilherme\documents\unb\9_semestre\idj\universales\universales\room.cpp(61): warning C4244: 'initializing' : conversion from 'float' to 'int', possible loss of data
     1>c:\users\guilherme\documents\unb\9_semestre\idj\universales\universales\room.cpp(62): warning C4244: 'argument' : conversion from 'int' to 'float', possible loss of data
     1>c:\users\guilherme\documents\unb\9_semestre\idj\universales\universales\room.cpp(71): warning C4244: 'argument' : conversion from 'int' to 'float', possible loss of data
     1>c:\users\guilherme\documents\unb\9_semestre\idj\universales\universales\room.cpp(95): warning C4244: 'initializing' : conversion from 'float' to 'int', possible loss of data
     1>c:\users\guilherme\documents\unb\9_semestre\idj\universales\universales\room.cpp(96): warning C4244: 'initializing' : conversion from 'float' to 'int', possible loss of data
     1>c:\users\guilherme\documents\unb\9_semestre\idj\universales\universales\room.cpp(98): warning C4244: 'argument' : conversion from 'int' to 'float', possible loss of data
     1>c:\users\guilherme\documents\unb\9_semestre\idj\universales\universales\room.cpp(100): warning C4244: 'argument' : conversion from 'float' to 'int', possible loss of data
     1>c:\users\guilherme\documents\unb\9_semestre\idj\universales\universales\room.cpp(105): warning C4244: 'initializing' : conversion from 'float' to 'int', possible loss of data
     1>c:\users\guilherme\documents\unb\9_semestre\idj\universales\universales\room.cpp(106): warning C4244: 'initializing' : conversion from 'float' to 'int', possible loss of data
     1>c:\users\guilherme\documents\unb\9_semestre\idj\universales\universales\room.cpp(108): warning C4244: 'argument' : conversion from 'int' to 'float', possible loss of data
     1>c:\users\guilherme\documents\unb\9_semestre\idj\universales\universales\room.cpp(110): warning C4244: 'argument' : conversion from 'float' to 'int', possible loss of data
     1>c:\users\guilherme\documents\unb\9_semestre\idj\universales\universales\room.cpp(118): warning C4244: 'initializing' : conversion from 'float' to 'int', possible loss of data
     1>c:\users\guilherme\documents\unb\9_semestre\idj\universales\universales\room.cpp(119): warning C4244: 'initializing' : conversion from 'float' to 'int', possible loss of data
     1>c:\users\guilherme\documents\unb\9_semestre\idj\universales\universales\room.cpp(121): warning C4244: 'argument' : conversion from 'int' to 'float', possible loss of data
     1>c:\users\guilherme\documents\unb\9_semestre\idj\universales\universales\room.cpp(123): warning C4244: 'argument' : conversion from 'float' to 'int', possible loss of data
     1>c:\users\guilherme\documents\unb\9_semestre\idj\universales\universales\room.cpp(128): warning C4244: 'initializing' : conversion from 'float' to 'int', possible loss of data
     1>c:\users\guilherme\documents\unb\9_semestre\idj\universales\universales\room.cpp(129): warning C4244: 'initializing' : conversion from 'float' to 'int', possible loss of data
     1>c:\users\guilherme\documents\unb\9_semestre\idj\universales\universales\room.cpp(131): warning C4244: 'argument' : conversion from 'int' to 'float', possible loss of data
     1>c:\users\guilherme\documents\unb\9_semestre\idj\universales\universales\room.cpp(133): warning C4244: 'argument' : conversion from 'float' to 'int', possible loss of data
     1>c:\users\guilherme\documents\unb\9_semestre\idj\universales\universales\room.cpp(144): warning C4804: '<=' : unsafe use of type 'bool' in operation
         Rect.cpp
         Point.cpp
     1>c:\users\guilherme\documents\unb\9_semestre\idj\universales\universales\point.cpp(59): warning C4244: '=' : conversion from 'double' to 'float', possible loss of data
     1>c:\users\guilherme\documents\unb\9_semestre\idj\universales\universales\point.cpp(69): warning C4244: '=' : conversion from 'double' to 'float', possible loss of data
     1>c:\users\guilherme\documents\unb\9_semestre\idj\universales\universales\point.cpp(84): warning C4244: '=' : conversion from 'double' to 'float', possible loss of data
     1>c:\users\guilherme\documents\unb\9_semestre\idj\universales\universales\point.cpp(94): warning C4244: '=' : conversion from 'double' to 'float', possible loss of data
     1>c:\users\guilherme\documents\unb\9_semestre\idj\universales\universales\point.cpp(115): warning C4244: '=' : conversion from 'float' to 'int', possible loss of data
     1>c:\users\guilherme\documents\unb\9_semestre\idj\universales\universales\point.cpp(116): warning C4244: '=' : conversion from 'float' to 'int', possible loss of data
         Permonkey.cpp
     1>c:\users\guilherme\documents\unb\9_semestre\idj\universales\universales\permonkey.cpp(5): warning C4244: 'argument' : conversion from 'int' to 'float', possible loss of data
     1>c:\users\guilherme\documents\unb\9_semestre\idj\universales\universales\permonkey.cpp(24): warning C4244: 'argument' : conversion from 'float' to 'int', possible loss of data
     1>c:\users\guilherme\documents\unb\9_semestre\idj\universales\universales\permonkey.cpp(70): warning C4244: 'argument' : conversion from 'int' to 'float', possible loss of data
         Penguins.cpp
     1>c:\users\guilherme\documents\unb\9_semestre\idj\universales\universales\penguins.cpp(58): warning C4244: 'argument' : conversion from 'double' to 'float', possible loss of data
     1>c:\users\guilherme\documents\unb\9_semestre\idj\universales\universales\penguins.cpp(62): warning C4305: 'argument' : truncation from 'double' to 'float'
     1>c:\users\guilherme\documents\unb\9_semestre\idj\universales\universales\penguins.cpp(63): warning C4305: 'argument' : truncation from 'double' to 'float'
     1>c:\users\guilherme\documents\unb\9_semestre\idj\universales\universales\penguins.cpp(66): warning C4244: 'argument' : conversion from 'double' to 'int', possible loss of data
     1>c:\users\guilherme\documents\unb\9_semestre\idj\universales\universales\penguins.cpp(72): warning C4244: 'argument' : conversion from 'double' to 'float', possible loss of data
     1>c:\users\guilherme\documents\unb\9_semestre\idj\universales\universales\penguins.cpp(91): warning C4305: 'argument' : truncation from 'double' to 'float'
         Music.cpp
         Generating Code...
         Compiling...
         MultiTileSet.cpp
         Minion.cpp
     1>c:\users\guilherme\documents\unb\9_semestre\idj\universales\universales\minion.cpp(22): warning C4244: '=' : conversion from 'double' to 'float', possible loss of data
     1>c:\users\guilherme\documents\unb\9_semestre\idj\universales\universales\minion.cpp(25): warning C4305: 'argument' : truncation from 'double' to 'float'
     1>c:\users\guilherme\documents\unb\9_semestre\idj\universales\universales\minion.cpp(38): warning C4305: 'argument' : truncation from 'double' to 'float'
         Minio.cpp
         main.cpp
         InputManager.cpp
         GUI.cpp
     1>c:\users\guilherme\documents\unb\9_semestre\idj\universales\universales\gui.cpp(6): warning C4244: '=' : conversion from 'int' to 'float', possible loss of data
     1>c:\users\guilherme\documents\unb\9_semestre\idj\universales\universales\gui.cpp(7): warning C4244: '=' : conversion from 'const int' to 'float', possible loss of data
     1>c:\users\guilherme\documents\unb\9_semestre\idj\universales\universales\gui.cpp(9): warning C4244: '=' : conversion from 'int' to 'float', possible loss of data
     1>c:\users\guilherme\documents\unb\9_semestre\idj\universales\universales\gui.cpp(10): warning C4244: '=' : conversion from 'int' to 'float', possible loss of data
     1>c:\users\guilherme\documents\unb\9_semestre\idj\universales\universales\gui.cpp(12): warning C4244: '=' : conversion from 'int' to 'float', possible loss of data
     1>c:\users\guilherme\documents\unb\9_semestre\idj\universales\universales\gui.cpp(13): warning C4244: '=' : conversion from 'int' to 'float', possible loss of data
     1>c:\users\guilherme\documents\unb\9_semestre\idj\universales\universales\gui.cpp(21): warning C4244: 'argument' : conversion from 'float' to 'int', possible loss of data
     1>c:\users\guilherme\documents\unb\9_semestre\idj\universales\universales\gui.cpp(22): warning C4244: 'argument' : conversion from 'float' to 'int', possible loss of data
     1>c:\users\guilherme\documents\unb\9_semestre\idj\universales\universales\gui.cpp(49): warning C4244: '=' : conversion from 'int' to 'float', possible loss of data
     1>c:\users\guilherme\documents\unb\9_semestre\idj\universales\universales\gui.cpp(50): warning C4244: '=' : conversion from 'int' to 'float', possible loss of data
     1>c:\users\guilherme\documents\unb\9_semestre\idj\universales\universales\gui.cpp(56): warning C4244: '=' : conversion from 'int' to 'float', possible loss of data
     1>c:\users\guilherme\documents\unb\9_semestre\idj\universales\universales\gui.cpp(57): warning C4244: '=' : conversion from 'int' to 'float', possible loss of data
     1>c:\users\guilherme\documents\unb\9_semestre\idj\universales\universales\gui.cpp(63): warning C4244: '=' : conversion from 'int' to 'float', possible loss of data
     1>c:\users\guilherme\documents\unb\9_semestre\idj\universales\universales\gui.cpp(64): warning C4244: '=' : conversion from 'int' to 'float', possible loss of data
         GameObject.cpp
         Game.cpp
     1>c:\users\guilherme\documents\unb\9_semestre\idj\universales\universales\game.cpp(56): warning C4244: '=' : conversion from 'Uint32' to 'float', possible loss of data
     1>c:\users\guilherme\documents\unb\9_semestre\idj\universales\universales\game.cpp(63): warning C4244: 'argument' : conversion from 'time_t' to 'unsigned int', possible loss of data
         EndState.cpp
         Comparator.cpp
         Character.cpp
         Camera.cpp
     1>c:\users\guilherme\documents\unb\9_semestre\idj\universales\universales\camera.cpp(25): warning C4244: 'argument' : conversion from 'double' to 'float', possible loss of data
     1>c:\users\guilherme\documents\unb\9_semestre\idj\universales\universales\camera.cpp(26): warning C4244: 'argument' : conversion from 'double' to 'float', possible loss of data
     1>c:\users\guilherme\documents\unb\9_semestre\idj\universales\universales\camera.cpp(30): warning C4244: 'argument' : conversion from 'double' to 'float', possible loss of data
     1>c:\users\guilherme\documents\unb\9_semestre\idj\universales\universales\camera.cpp(31): warning C4244: 'argument' : conversion from 'double' to 'float', possible loss of data
     1>c:\users\guilherme\documents\unb\9_semestre\idj\universales\universales\camera.cpp(35): warning C4244: 'argument' : conversion from 'double' to 'float', possible loss of data
     1>c:\users\guilherme\documents\unb\9_semestre\idj\universales\universales\camera.cpp(36): warning C4244: 'argument' : conversion from 'double' to 'float', possible loss of data
     1>c:\users\guilherme\documents\unb\9_semestre\idj\universales\universales\camera.cpp(40): warning C4244: 'argument' : conversion from 'double' to 'float', possible loss of data
     1>c:\users\guilherme\documents\unb\9_semestre\idj\universales\universales\camera.cpp(41): warning C4244: 'argument' : conversion from 'double' to 'float', possible loss of data
         Bullet.cpp
     1>c:\users\guilherme\documents\unb\9_semestre\idj\universales\universales\bullet.cpp(7): warning C4244: '=' : conversion from 'double' to 'float', possible loss of data
         BlockTileSet.cpp
     1>c:\users\guilherme\documents\unb\9_semestre\idj\universales\universales\blocktileset.cpp(18): warning C4018: '<' : signed/unsigned mismatch
         Alien.cpp
     1>c:\users\guilherme\documents\unb\9_semestre\idj\universales\universales\alien.cpp(14): warning C4244: 'argument' : conversion from 'double' to 'float', possible loss of data
     1>c:\users\guilherme\documents\unb\9_semestre\idj\universales\universales\alien.cpp(50): warning C4018: '<' : signed/unsigned mismatch
     1>c:\users\guilherme\documents\unb\9_semestre\idj\universales\universales\alien.cpp(67): warning C4305: 'argument' : truncation from 'double' to 'float'
         Generating Code...
     1>c:\users\guilherme\documents\unb\9_semestre\idj\universales\universales\comparator.cpp(17): warning C4715: 'Comparator::operator()' : not all control paths return a value
       Link:
         C:\Program Files (x86)\Microsoft Visual Studio 11.0\VC\bin\link.exe /ERRORREPORT:PROMPT /OUT:"C:\Users\Guilherme\Documents\UnB\9_Semestre\IDJ\Universales\Debug\Universales.exe" /INCREMENTAL /NOLOGO /LIBPATH:"C:\SDL2-2.0.3\lib\x86" SDL2.lib SDL2main.lib SDL2_image.lib SDL2_mixer.lib SDL2_ttf.lib kernel32.lib user32.lib gdi32.lib winspool.lib comdlg32.lib advapi32.lib shell32.lib ole32.lib oleaut32.lib uuid.lib odbc32.lib odbccp32.lib /MANIFEST /MANIFESTUAC:"level='asInvoker' uiAccess='false'" /manifest:embed /DEBUG /PDB:"C:\Users\Guilherme\Documents\UnB\9_Semestre\IDJ\Universales\Debug\Universales.pdb" /SUBSYSTEM:CONSOLE /TLBID:1 /DYNAMICBASE /NXCOMPAT /IMPLIB:"C:\Users\Guilherme\Documents\UnB\9_Semestre\IDJ\Universales\Debug\Universales.lib" /MACHINE:X86 Debug\Alien.obj
         Debug\BlockTileSet.obj
         Debug\Bullet.obj
         Debug\Camera.obj
         Debug\Character.obj
         Debug\Comparator.obj
         Debug\EndState.obj
         Debug\Game.obj
         Debug\GameObject.obj
         Debug\GUI.obj
         Debug\InputManager.obj
         Debug\main.obj
         Debug\Minio.obj
         Debug\Minion.obj
         Debug\MultiTileSet.obj
         Debug\Music.obj
         Debug\Penguins.obj
         Debug\Permonkey.obj
         Debug\Point.obj
         Debug\Rect.obj
         Debug\Room.obj
         Debug\SelectionBox.obj
         Debug\Sound.obj
         Debug\Sprite.obj
         Debug\StageState.obj
         Debug\State.obj
         Debug\StateData.obj
         Debug\StillAnimation.obj
         Debug\Text.obj
         Debug\TileMap.obj
         Debug\TileSet.obj
         Debug\TileState.obj
         Debug\Timer.obj
         Debug\TitleState.obj
         Debug\Wall.obj
         Universales.vcxproj -> C:\Users\Guilherme\Documents\UnB\9_Semestre\IDJ\Universales\Debug\Universales.exe
     1>Done Building Project "C:\Users\Guilherme\Documents\UnB\9_Semestre\IDJ\Universales\Universales\Universales.vcxproj" (Build target(s)).

Build succeeded.

Time Elapsed 00:01:05.52
