C:\USERS\GUILHERME\DOCUMENTS\VISUAL STUDIO 2012\PROJECTS\UNIVERSALES\UNIVERSALES\DEBUG\MULTITILESET.OBJ
C:\USERS\GUILHERME\DOCUMENTS\VISUAL STUDIO 2012\PROJECTS\UNIVERSALES\UNIVERSALES\DEBUG\MUSIC.OBJ
C:\USERS\GUILHERME\DOCUMENTS\VISUAL STUDIO 2012\PROJECTS\UNIVERSALES\UNIVERSALES\DEBUG\PENGUINS.OBJ
C:\USERS\GUILHERME\DOCUMENTS\VISUAL STUDIO 2012\PROJECTS\UNIVERSALES\UNIVERSALES\DEBUG\POINT.OBJ
C:\USERS\GUILHERME\DOCUMENTS\VISUAL STUDIO 2012\PROJECTS\UNIVERSALES\UNIVERSALES\DEBUG\RECT.OBJ
C:\USERS\GUILHERME\DOCUMENTS\VISUAL STUDIO 2012\PROJECTS\UNIVERSALES\UNIVERSALES\DEBUG\ROOM.OBJ
C:\USERS\GUILHERME\DOCUMENTS\VISUAL STUDIO 2012\PROJECTS\UNIVERSALES\UNIVERSALES\DEBUG\SELECTIONBOX.OBJ
C:\USERS\GUILHERME\DOCUMENTS\VISUAL STUDIO 2012\PROJECTS\UNIVERSALES\UNIVERSALES\DEBUG\SOUND.OBJ
C:\USERS\GUILHERME\DOCUMENTS\VISUAL STUDIO 2012\PROJECTS\UNIVERSALES\UNIVERSALES\DEBUG\SPRITE.OBJ
C:\USERS\GUILHERME\DOCUMENTS\VISUAL STUDIO 2012\PROJECTS\UNIVERSALES\UNIVERSALES\DEBUG\STAGESTATE.OBJ
C:\USERS\GUILHERME\DOCUMENTS\VISUAL STUDIO 2012\PROJECTS\UNIVERSALES\UNIVERSALES\DEBUG\STATE.OBJ
C:\USERS\GUILHERME\DOCUMENTS\VISUAL STUDIO 2012\PROJECTS\UNIVERSALES\UNIVERSALES\DEBUG\STATEDATA.OBJ
C:\USERS\GUILHERME\DOCUMENTS\VISUAL STUDIO 2012\PROJECTS\UNIVERSALES\UNIVERSALES\DEBUG\STILLANIMATION.OBJ
C:\USERS\GUILHERME\DOCUMENTS\VISUAL STUDIO 2012\PROJECTS\UNIVERSALES\UNIVERSALES\DEBUG\TEXT.OBJ
C:\USERS\GUILHERME\DOCUMENTS\VISUAL STUDIO 2012\PROJECTS\UNIVERSALES\UNIVERSALES\DEBUG\TILEMAP.OBJ
C:\USERS\GUILHERME\DOCUMENTS\VISUAL STUDIO 2012\PROJECTS\UNIVERSALES\UNIVERSALES\DEBUG\TILESET.OBJ
C:\USERS\GUILHERME\DOCUMENTS\VISUAL STUDIO 2012\PROJECTS\UNIVERSALES\UNIVERSALES\DEBUG\TILESTATE.OBJ
C:\USERS\GUILHERME\DOCUMENTS\VISUAL STUDIO 2012\PROJECTS\UNIVERSALES\UNIVERSALES\DEBUG\TIMER.OBJ
C:\USERS\GUILHERME\DOCUMENTS\VISUAL STUDIO 2012\PROJECTS\UNIVERSALES\UNIVERSALES\DEBUG\TITLESTATE.OBJ
C:\USERS\GUILHERME\DOCUMENTS\VISUAL STUDIO 2012\PROJECTS\UNIVERSALES\UNIVERSALES\DEBUG\WALL.OBJ
C:\USERS\GUILHERME\DOCUMENTS\VISUAL STUDIO 2012\PROJECTS\UNIVERSALES\UNIVERSALES\DEBUG\ALIEN.OBJ
C:\USERS\GUILHERME\DOCUMENTS\VISUAL STUDIO 2012\PROJECTS\UNIVERSALES\UNIVERSALES\DEBUG\BLOCKTILESET.OBJ
C:\USERS\GUILHERME\DOCUMENTS\VISUAL STUDIO 2012\PROJECTS\UNIVERSALES\UNIVERSALES\DEBUG\BULLET.OBJ
C:\USERS\GUILHERME\DOCUMENTS\VISUAL STUDIO 2012\PROJECTS\UNIVERSALES\UNIVERSALES\DEBUG\CAMERA.OBJ
C:\USERS\GUILHERME\DOCUMENTS\VISUAL STUDIO 2012\PROJECTS\UNIVERSALES\UNIVERSALES\DEBUG\COMPARATOR.OBJ
C:\USERS\GUILHERME\DOCUMENTS\VISUAL STUDIO 2012\PROJECTS\UNIVERSALES\UNIVERSALES\DEBUG\ENDSTATE.OBJ
C:\USERS\GUILHERME\DOCUMENTS\VISUAL STUDIO 2012\PROJECTS\UNIVERSALES\UNIVERSALES\DEBUG\GAME.OBJ
C:\USERS\GUILHERME\DOCUMENTS\VISUAL STUDIO 2012\PROJECTS\UNIVERSALES\UNIVERSALES\DEBUG\GAMEOBJECT.OBJ
C:\USERS\GUILHERME\DOCUMENTS\VISUAL STUDIO 2012\PROJECTS\UNIVERSALES\UNIVERSALES\DEBUG\INPUTMANAGER.OBJ
C:\USERS\GUILHERME\DOCUMENTS\VISUAL STUDIO 2012\PROJECTS\UNIVERSALES\UNIVERSALES\DEBUG\MAIN.OBJ
C:\USERS\GUILHERME\DOCUMENTS\VISUAL STUDIO 2012\PROJECTS\UNIVERSALES\UNIVERSALES\DEBUG\MINIO.OBJ
C:\USERS\GUILHERME\DOCUMENTS\VISUAL STUDIO 2012\PROJECTS\UNIVERSALES\UNIVERSALES\DEBUG\MINION.OBJ
C:\USERS\GUILHERME\DOCUMENTS\VISUAL STUDIO 2012\PROJECTS\UNIVERSALES\UNIVERSALES\DEBUG\VC110.PDB
C:\USERS\GUILHERME\DOCUMENTS\VISUAL STUDIO 2012\PROJECTS\UNIVERSALES\UNIVERSALES\DEBUG\CHARACTER.OBJ
C:\USERS\GUILHERME\DOCUMENTS\VISUAL STUDIO 2012\PROJECTS\UNIVERSALES\UNIVERSALES\DEBUG\PERMONKEY.OBJ
C:\USERS\GUILHERME\DOCUMENTS\VISUAL STUDIO 2012\PROJECTS\UNIVERSALES\UNIVERSALES\DEBUG\GUI.OBJ
C:\USERS\GUILHERME\DOCUMENTS\VISUAL STUDIO 2012\PROJECTS\UNIVERSALES\DEBUG\UNIVERSALES.ILK
C:\USERS\GUILHERME\DOCUMENTS\VISUAL STUDIO 2012\PROJECTS\UNIVERSALES\DEBUG\UNIVERSALES.EXE
C:\USERS\GUILHERME\DOCUMENTS\VISUAL STUDIO 2012\PROJECTS\UNIVERSALES\DEBUG\UNIVERSALES.PDB
C:\Users\Guilherme\documents\visual studio 2012\Projects\Universales\Universales\Debug\Alien.obj
C:\Users\Guilherme\documents\visual studio 2012\Projects\Universales\Universales\Debug\BlockTileSet.obj
C:\Users\Guilherme\documents\visual studio 2012\Projects\Universales\Universales\Debug\Bullet.obj
C:\Users\Guilherme\documents\visual studio 2012\Projects\Universales\Universales\Debug\Camera.obj
C:\Users\Guilherme\documents\visual studio 2012\Projects\Universales\Universales\Debug\Character.obj
C:\Users\Guilherme\documents\visual studio 2012\Projects\Universales\Universales\Debug\Comparator.obj
C:\Users\Guilherme\documents\visual studio 2012\Projects\Universales\Universales\Debug\EndState.obj
C:\Users\Guilherme\documents\visual studio 2012\Projects\Universales\Universales\Debug\Game.obj
C:\Users\Guilherme\documents\visual studio 2012\Projects\Universales\Universales\Debug\GameObject.obj
C:\Users\Guilherme\documents\visual studio 2012\Projects\Universales\Universales\Debug\GUI.obj
C:\Users\Guilherme\documents\visual studio 2012\Projects\Universales\Universales\Debug\InputManager.obj
C:\Users\Guilherme\documents\visual studio 2012\Projects\Universales\Universales\Debug\main.obj
C:\Users\Guilherme\documents\visual studio 2012\Projects\Universales\Universales\Debug\Minio.obj
C:\Users\Guilherme\documents\visual studio 2012\Projects\Universales\Universales\Debug\Minion.obj
C:\Users\Guilherme\documents\visual studio 2012\Projects\Universales\Universales\Debug\MultiTileSet.obj
C:\Users\Guilherme\documents\visual studio 2012\Projects\Universales\Universales\Debug\Music.obj
C:\Users\Guilherme\documents\visual studio 2012\Projects\Universales\Universales\Debug\Penguins.obj
C:\Users\Guilherme\documents\visual studio 2012\Projects\Universales\Universales\Debug\Permonkey.obj
C:\Users\Guilherme\documents\visual studio 2012\Projects\Universales\Universales\Debug\Point.obj
C:\Users\Guilherme\documents\visual studio 2012\Projects\Universales\Universales\Debug\Rect.obj
C:\Users\Guilherme\documents\visual studio 2012\Projects\Universales\Universales\Debug\Room.obj
C:\Users\Guilherme\documents\visual studio 2012\Projects\Universales\Universales\Debug\SelectionBox.obj
C:\Users\Guilherme\documents\visual studio 2012\Projects\Universales\Universales\Debug\Sound.obj
C:\Users\Guilherme\documents\visual studio 2012\Projects\Universales\Universales\Debug\Sprite.obj
C:\Users\Guilherme\documents\visual studio 2012\Projects\Universales\Universales\Debug\StageState.obj
C:\Users\Guilherme\documents\visual studio 2012\Projects\Universales\Universales\Debug\State.obj
C:\Users\Guilherme\documents\visual studio 2012\Projects\Universales\Universales\Debug\StateData.obj
C:\Users\Guilherme\documents\visual studio 2012\Projects\Universales\Universales\Debug\StillAnimation.obj
C:\Users\Guilherme\documents\visual studio 2012\Projects\Universales\Universales\Debug\Text.obj
C:\Users\Guilherme\documents\visual studio 2012\Projects\Universales\Universales\Debug\TileMap.obj
C:\Users\Guilherme\documents\visual studio 2012\Projects\Universales\Universales\Debug\TileSet.obj
C:\Users\Guilherme\documents\visual studio 2012\Projects\Universales\Universales\Debug\TileState.obj
C:\Users\Guilherme\documents\visual studio 2012\Projects\Universales\Universales\Debug\Timer.obj
C:\Users\Guilherme\documents\visual studio 2012\Projects\Universales\Universales\Debug\TitleState.obj
C:\Users\Guilherme\documents\visual studio 2012\Projects\Universales\Universales\Debug\Wall.obj
C:\Users\Guilherme\documents\visual studio 2012\Projects\Universales\Universales\Debug\cl.command.1.tlog
C:\Users\Guilherme\documents\visual studio 2012\Projects\Universales\Universales\Debug\CL.read.1.tlog
C:\Users\Guilherme\documents\visual studio 2012\Projects\Universales\Universales\Debug\CL.write.1.tlog
C:\Users\Guilherme\documents\visual studio 2012\Projects\Universales\Universales\Debug\link-cvtres.read.1.tlog
C:\Users\Guilherme\documents\visual studio 2012\Projects\Universales\Universales\Debug\link-cvtres.write.1.tlog
C:\Users\Guilherme\documents\visual studio 2012\Projects\Universales\Universales\Debug\link-rc.read.1.tlog
C:\Users\Guilherme\documents\visual studio 2012\Projects\Universales\Universales\Debug\link-rc.write.1.tlog
C:\Users\Guilherme\documents\visual studio 2012\Projects\Universales\Universales\Debug\link.10408-cvtres.read.1.tlog
C:\Users\Guilherme\documents\visual studio 2012\Projects\Universales\Universales\Debug\link.10408-cvtres.write.1.tlog
C:\Users\Guilherme\documents\visual studio 2012\Projects\Universales\Universales\Debug\link.10408-rc.read.1.tlog
C:\Users\Guilherme\documents\visual studio 2012\Projects\Universales\Universales\Debug\link.10408-rc.write.1.tlog
C:\Users\Guilherme\documents\visual studio 2012\Projects\Universales\Universales\Debug\link.10408.read.1.tlog
C:\Users\Guilherme\documents\visual studio 2012\Projects\Universales\Universales\Debug\link.10408.write.1.tlog
C:\Users\Guilherme\documents\visual studio 2012\Projects\Universales\Universales\Debug\link.11748-cvtres.read.1.tlog
C:\Users\Guilherme\documents\visual studio 2012\Projects\Universales\Universales\Debug\link.11748-cvtres.write.1.tlog
C:\Users\Guilherme\documents\visual studio 2012\Projects\Universales\Universales\Debug\link.11748-rc.read.1.tlog
C:\Users\Guilherme\documents\visual studio 2012\Projects\Universales\Universales\Debug\link.11748-rc.write.1.tlog
C:\Users\Guilherme\documents\visual studio 2012\Projects\Universales\Universales\Debug\link.11748.read.1.tlog
C:\Users\Guilherme\documents\visual studio 2012\Projects\Universales\Universales\Debug\link.11748.write.1.tlog
C:\Users\Guilherme\documents\visual studio 2012\Projects\Universales\Universales\Debug\link.1252-cvtres.read.1.tlog
C:\Users\Guilherme\documents\visual studio 2012\Projects\Universales\Universales\Debug\link.1252-cvtres.write.1.tlog
C:\Users\Guilherme\documents\visual studio 2012\Projects\Universales\Universales\Debug\link.1252-rc.read.1.tlog
C:\Users\Guilherme\documents\visual studio 2012\Projects\Universales\Universales\Debug\link.1252-rc.write.1.tlog
C:\Users\Guilherme\documents\visual studio 2012\Projects\Universales\Universales\Debug\link.1252.read.1.tlog
C:\Users\Guilherme\documents\visual studio 2012\Projects\Universales\Universales\Debug\link.1252.write.1.tlog
C:\Users\Guilherme\documents\visual studio 2012\Projects\Universales\Universales\Debug\link.13244-cvtres.read.1.tlog
C:\Users\Guilherme\documents\visual studio 2012\Projects\Universales\Universales\Debug\link.13244-cvtres.write.1.tlog
C:\Users\Guilherme\documents\visual studio 2012\Projects\Universales\Universales\Debug\link.13244-rc.read.1.tlog
C:\Users\Guilherme\documents\visual studio 2012\Projects\Universales\Universales\Debug\link.13244-rc.write.1.tlog
C:\Users\Guilherme\documents\visual studio 2012\Projects\Universales\Universales\Debug\link.13244.read.1.tlog
C:\Users\Guilherme\documents\visual studio 2012\Projects\Universales\Universales\Debug\link.13244.write.1.tlog
C:\Users\Guilherme\documents\visual studio 2012\Projects\Universales\Universales\Debug\link.2456-cvtres.read.1.tlog
C:\Users\Guilherme\documents\visual studio 2012\Projects\Universales\Universales\Debug\link.2456-cvtres.write.1.tlog
C:\Users\Guilherme\documents\visual studio 2012\Projects\Universales\Universales\Debug\link.2456-rc.read.1.tlog
C:\Users\Guilherme\documents\visual studio 2012\Projects\Universales\Universales\Debug\link.2456-rc.write.1.tlog
C:\Users\Guilherme\documents\visual studio 2012\Projects\Universales\Universales\Debug\link.2456.read.1.tlog
C:\Users\Guilherme\documents\visual studio 2012\Projects\Universales\Universales\Debug\link.2456.write.1.tlog
C:\Users\Guilherme\documents\visual studio 2012\Projects\Universales\Universales\Debug\link.4660-cvtres.read.1.tlog
C:\Users\Guilherme\documents\visual studio 2012\Projects\Universales\Universales\Debug\link.4660-cvtres.write.1.tlog
C:\Users\Guilherme\documents\visual studio 2012\Projects\Universales\Universales\Debug\link.4660-rc.read.1.tlog
C:\Users\Guilherme\documents\visual studio 2012\Projects\Universales\Universales\Debug\link.4660-rc.write.1.tlog
C:\Users\Guilherme\documents\visual studio 2012\Projects\Universales\Universales\Debug\link.4660.read.1.tlog
C:\Users\Guilherme\documents\visual studio 2012\Projects\Universales\Universales\Debug\link.4660.write.1.tlog
C:\Users\Guilherme\documents\visual studio 2012\Projects\Universales\Universales\Debug\link.6796-cvtres.read.1.tlog
C:\Users\Guilherme\documents\visual studio 2012\Projects\Universales\Universales\Debug\link.6796-cvtres.write.1.tlog
C:\Users\Guilherme\documents\visual studio 2012\Projects\Universales\Universales\Debug\link.6796-rc.read.1.tlog
C:\Users\Guilherme\documents\visual studio 2012\Projects\Universales\Universales\Debug\link.6796-rc.write.1.tlog
C:\Users\Guilherme\documents\visual studio 2012\Projects\Universales\Universales\Debug\link.6796.read.1.tlog
C:\Users\Guilherme\documents\visual studio 2012\Projects\Universales\Universales\Debug\link.6796.write.1.tlog
C:\Users\Guilherme\documents\visual studio 2012\Projects\Universales\Universales\Debug\link.8000-cvtres.read.1.tlog
C:\Users\Guilherme\documents\visual studio 2012\Projects\Universales\Universales\Debug\link.8000-cvtres.write.1.tlog
C:\Users\Guilherme\documents\visual studio 2012\Projects\Universales\Universales\Debug\link.8000-rc.read.1.tlog
C:\Users\Guilherme\documents\visual studio 2012\Projects\Universales\Universales\Debug\link.8000-rc.write.1.tlog
C:\Users\Guilherme\documents\visual studio 2012\Projects\Universales\Universales\Debug\link.8000.read.1.tlog
C:\Users\Guilherme\documents\visual studio 2012\Projects\Universales\Universales\Debug\link.8000.write.1.tlog
C:\Users\Guilherme\documents\visual studio 2012\Projects\Universales\Universales\Debug\link.command.1.tlog
C:\Users\Guilherme\documents\visual studio 2012\Projects\Universales\Universales\Debug\link.read.1.tlog
C:\Users\Guilherme\documents\visual studio 2012\Projects\Universales\Universales\Debug\link.write.1.tlog
C:\Users\Guilherme\documents\visual studio 2012\Projects\Universales\Universales\Debug\vc110.idb
C:\Users\Guilherme\documents\visual studio 2012\Projects\Universales\Universales\Debug\vc110.pdb
C:\Users\Guilherme\documents\visual studio 2012\Projects\Universales\Debug\Universales.pdb
C:\Users\Guilherme\documents\visual studio 2012\Projects\Universales\Debug\Universales.exe
C:\Users\Guilherme\documents\visual studio 2012\Projects\Universales\Debug\Universales.ilk
